2021-09-28 19:15:04.797  INFO 13264 --- [restartedMain] p.c.example.provision.demo.Application   : Starting Application using Java 11.0.10 on DESKTOP-KD97O26 with PID 13264 (C:\Users\akn_k\Desktop\PRojeler\proviison\target\classes started by akn_k in C:\Users\akn_k\Desktop\PRojeler\proviison)
2021-09-28 19:15:04.803  INFO 13264 --- [restartedMain] p.c.example.provision.demo.Application   : No active profile set, falling back to default profiles: default
2021-09-28 19:15:04.981  INFO 13264 --- [restartedMain] .e.DevToolsPropertyDefaultsPostProcessor : Devtools property defaults active! Set 'spring.devtools.add-properties' to 'false' to disable
2021-09-28 19:15:04.983  INFO 13264 --- [restartedMain] .e.DevToolsPropertyDefaultsPostProcessor : For additional web related logging consider setting the 'logging.level.web' property to 'DEBUG'
2021-09-28 19:15:06.577  INFO 13264 --- [restartedMain] .s.d.r.c.RepositoryConfigurationDelegate : Bootstrapping Spring Data JPA repositories in DEFAULT mode.
2021-09-28 19:15:06.655  INFO 13264 --- [restartedMain] .s.d.r.c.RepositoryConfigurationDelegate : Finished Spring Data repository scanning in 67 ms. Found 1 JPA repository interfaces.
2021-09-28 19:15:07.525  INFO 13264 --- [restartedMain] o.s.b.w.embedded.tomcat.TomcatWebServer  : Tomcat initialized with port(s): 8080 (http)
2021-09-28 19:15:07.537  INFO 13264 --- [restartedMain] o.apache.catalina.core.StandardService   : Starting service [Tomcat]
2021-09-28 19:15:07.539  INFO 13264 --- [restartedMain] org.apache.catalina.core.StandardEngine  : Starting Servlet engine: [Apache Tomcat/9.0.50]
2021-09-28 19:15:07.681  INFO 13264 --- [restartedMain] o.a.c.c.C.[Tomcat].[localhost].[/]       : Initializing Spring embedded WebApplicationContext
2021-09-28 19:15:07.681  INFO 13264 --- [restartedMain] w.s.c.ServletWebServerApplicationContext : Root WebApplicationContext: initialization completed in 2696 ms
2021-09-28 19:15:08.344  INFO 13264 --- [restartedMain] com.zaxxer.hikari.HikariDataSource       : HikariPool-1 - Starting...
2021-09-28 19:15:08.592  INFO 13264 --- [restartedMain] com.zaxxer.hikari.HikariDataSource       : HikariPool-1 - Start completed.
2021-09-28 19:15:09.724  INFO 13264 --- [restartedMain] j.LocalContainerEntityManagerFactoryBean : Initialized JPA EntityManagerFactory for persistence unit 'default'
2021-09-28 19:15:09.785  WARN 13264 --- [restartedMain] JpaBaseConfiguration$JpaWebConfiguration : spring.jpa.open-in-view is enabled by default. Therefore, database queries may be performed during view rendering. Explicitly configure spring.jpa.open-in-view to disable this warning
2021-09-28 19:15:11.517  INFO 13264 --- [restartedMain] o.s.b.d.a.OptionalLiveReloadServer       : LiveReload server is running on port 35729
2021-09-28 19:15:11.697  INFO 13264 --- [restartedMain] pertySourcedRequestMappingHandlerMapping : Mapped URL path [/v2/api-docs] onto method [springfox.documentation.swagger2.web.Swagger2Controller#getDocumentation(String, HttpServletRequest)]
2021-09-28 19:15:12.167  INFO 13264 --- [restartedMain] o.s.s.web.DefaultSecurityFilterChain     : Will secure any request with [org.springframework.security.web.context.request.async.WebAsyncManagerIntegrationFilter@425e3558, org.springframework.security.web.context.SecurityContextPersistenceFilter@286bbd73, org.springframework.security.web.header.HeaderWriterFilter@73d69e4c, org.springframework.security.web.authentication.logout.LogoutFilter@69bc7986, org.springframework.security.web.authentication.www.BasicAuthenticationFilter@56e8e455, org.springframework.security.web.savedrequest.RequestCacheAwareFilter@1cc3aead, org.springframework.security.web.servletapi.SecurityContextHolderAwareRequestFilter@3f803527, org.springframework.security.web.authentication.AnonymousAuthenticationFilter@4c7b64a9, org.springframework.security.web.session.SessionManagementFilter@7007c4e4, org.springframework.security.web.access.ExceptionTranslationFilter@2d5ca096, org.springframework.security.web.access.intercept.FilterSecurityInterceptor@7fdf69ab]
2021-09-28 19:15:12.395  INFO 13264 --- [restartedMain] o.s.b.w.embedded.tomcat.TomcatWebServer  : Tomcat started on port(s): 8080 (http) with context path ''
2021-09-28 19:15:12.401  INFO 13264 --- [restartedMain] d.s.w.p.DocumentationPluginsBootstrapper : Context refreshed
2021-09-28 19:15:12.453  INFO 13264 --- [restartedMain] d.s.w.p.DocumentationPluginsBootstrapper : Found 1 custom documentation plugin(s)
2021-09-28 19:15:12.491  INFO 13264 --- [restartedMain] s.d.s.w.s.ApiListingReferenceScanner     : Scanning for api listing references
2021-09-28 19:15:12.543  INFO 13264 --- [restartedMain] p.c.example.provision.demo.Application   : Started Application in 9.324 seconds (JVM running for 12.775)
2021-09-28 19:15:28.490  INFO 13264 --- [http-nio-8080-exec-1] o.a.c.c.C.[Tomcat].[localhost].[/]       : Initializing Spring DispatcherServlet 'dispatcherServlet'
2021-09-28 19:15:28.770  WARN 13264 --- [http-nio-8080-exec-1] o.a.c.util.SessionIdGeneratorBase        : Creation of SecureRandom instance for session ID generation using [SHA1PRNG] took [240] milliseconds.
2021-09-28 19:15:40.597  INFO 13264 --- [http-nio-8080-exec-2] p.c.e.p.d.Controller.ProjectController   : aknkya:  user logged in to maın page
2021-09-28 19:15:40.599  WARN 13264 --- [http-nio-8080-exec-2] p.c.e.p.d.Controller.ProjectController   : This is a warn message
2021-09-28 19:15:40.599 ERROR 13264 --- [http-nio-8080-exec-2] p.c.e.p.d.Controller.ProjectController   : This is an error message
